<?xml version="1.0" encoding="UTF-8"?>
<Site BuildName="Linux-g++"
	BuildStamp="20231220-1455-Experimental"
	Name="alla-VivoBook-ASUSLaptop-X421UAY-M413UA"
	Generator="ctest-3.22.1"
	CompilerName="/usr/bin/g++"
	CompilerVersion="11.4.0"
	OSName="Linux"
	Hostname="alla-VivoBook-ASUSLaptop-X421UAY-M413UA"
	OSRelease="6.2.0-36-generic"
	OSVersion="#37~22.04.1-Ubuntu SMP PREEMPT_DYNAMIC Mon Oct  9 15:34:04 UTC 2"
	OSPlatform="x86_64"
	Is64Bits="1"
	VendorString="AuthenticAMD"
	VendorID="Advanced Micro Devices"
	FamilyID="23"
	ModelID="104"
	ProcessorCacheSize="512"
	NumberOfLogicalCPU="12"
	NumberOfPhysicalCPU="6"
	TotalVirtualMemory="0"
	TotalPhysicalMemory="7326"
	LogicalProcessorsPerPhysical="2"
	ProcessorClockFrequency="3214.33"
	>
	<Testing>
		<StartDateTime>Dec 21 02:08 MSK</StartDateTime>
		<StartTestTime>1703113731</StartTestTime>
		<TestList/>
		<EndDateTime>Dec 21 02:08 MSK</EndDateTime>
		<EndTestTime>1703113731</EndTestTime>
		<ElapsedMinutes>0</ElapsedMinutes>
	</Testing>
</Site>
